Arguments: 
  /Users/mpernambuco/.nvm/versions/node/v13.5.0/bin/node /usr/local/Cellar/yarn/1.22.4/libexec/bin/yarn.js run test

PATH: 
  /Users/mpernambuco/google-cloud-sdk/bin:/usr/local/opt/node@12/bin:/Users/mpernambuco/.nvm/versions/node/v13.5.0/bin:/usr/local/bin:/usr/bin:/bin:/usr/sbin:/sbin:/usr/local/share/dotnet:~/.dotnet/tools:/Library/Apple/usr/bin:/Library/Frameworks/Mono.framework/Versions/Current/Commands:/usr/local/mysql/bin:/Users/mpernambuco/chromium_lab/depot_tools:/Applications/Postgres.app/Contents/Versions/12/bin

Yarn version: 
  1.22.4

Node version: 
  13.5.0

Platform: 
  darwin x64

Trace: 
  SyntaxError: /Users/mpernambuco/cartesi.io/lab-ts/package.json: Unexpected token } in JSON at position 342
      at JSON.parse (<anonymous>)
      at /usr/local/Cellar/yarn/1.22.4/libexec/lib/cli.js:1625:59
      at Generator.next (<anonymous>)
      at step (/usr/local/Cellar/yarn/1.22.4/libexec/lib/cli.js:310:30)
      at /usr/local/Cellar/yarn/1.22.4/libexec/lib/cli.js:321:13

npm manifest: 
  {
    "name": "poker-lib",
    "version": "1.0.0",
    "description": "",
    "main": "index.js",
    "scripts": {
      "build": "./node_modules/typescript/bin/tsc && npm run copy",
      "start": "npm run build && node build/index.js",
      "copy": "cp ./src/lib/poker-lib-wasm.wasm ./build/lib",
      "test": "mocha -r ts-node/register src/**/test.ts",
    },
    "author": "",
    "dependencies": {
      "ethers": "^5.1.0"
    },
    "devDependencies": {
      "@types/chai": "^4.2.21",
      "@types/mocha": "^9.0.0",
      "@types/node": "^16.7.6",
      "chai": "^4.3.4",
      "mocha": "^9.1.1",
      "ts-node": "^10.2.1",
      "typescript": "4.2.4"
    }
  }

yarn manifest: 
  No manifest

Lockfile: 
  No lockfile
